<?xml version="1.0" encoding="UTF-8"?>
<coverage generated="1664116848198" clover="3.2.0">
  <project timestamp="1664116848198" name="All files">
    <metrics statements="24" coveredstatements="19" conditionals="6" coveredconditionals="3" methods="4" coveredmethods="2" elements="34" coveredelements="24" complexity="0" loc="24" ncloc="24" packages="1" files="1" classes="1"/>
    <file name="neighbourhoodConstructor.js" path="/Users/harryfox/Projects/js/conway/neighbourhoodConstructor.js">
      <metrics statements="24" coveredstatements="19" conditionals="6" coveredconditionals="3" methods="4" coveredmethods="2"/>
      <line num="3" count="2" type="stmt"/>
      <line num="4" count="2" type="stmt"/>
      <line num="5" count="2" type="stmt"/>
      <line num="6" count="2" type="stmt"/>
      <line num="7" count="2" type="stmt"/>
      <line num="8" count="2" type="stmt"/>
      <line num="12" count="2" type="stmt"/>
      <line num="13" count="2" type="stmt"/>
      <line num="14" count="2" type="stmt"/>
      <line num="16" count="2" type="stmt"/>
      <line num="17" count="6" type="cond" truecount="2" falsecount="0"/>
      <line num="19" count="1" type="stmt"/>
      <line num="22" count="5" type="stmt"/>
      <line num="24" count="15" type="cond" truecount="1" falsecount="1"/>
      <line num="26" count="0" type="stmt"/>
      <line num="28" count="15" type="stmt"/>
      <line num="34" count="2" type="stmt"/>
      <line num="35" count="2" type="stmt"/>
      <line num="36" count="2" type="stmt"/>
      <line num="40" count="0" type="cond" truecount="0" falsecount="2"/>
      <line num="41" count="0" type="stmt"/>
      <line num="43" count="0" type="stmt"/>
      <line num="44" count="0" type="stmt"/>
      <line num="48" count="1" type="stmt"/>
    </file>
  </project>
</coverage>
