{"/Users/harryfox/Projects/js/conway/neighbourhoodConstructor.js": {"path":"/Users/harryfox/Projects/js/conway/neighbourhoodConstructor.js","statementMap":{"0":{"start":{"line":3,"column":4},"end":{"line":3,"column":23}},"1":{"start":{"line":4,"column":4},"end":{"line":4,"column":38}},"2":{"start":{"line":5,"column":4},"end":{"line":5,"column":36}},"3":{"start":{"line":6,"column":4},"end":{"line":6,"column":15}},"4":{"start":{"line":7,"column":4},"end":{"line":7,"column":15}},"5":{"start":{"line":8,"column":4},"end":{"line":8,"column":59}},"6":{"start":{"line":12,"column":12},"end":{"line":12,"column":18}},"7":{"start":{"line":13,"column":12},"end":{"line":13,"column":18}},"8":{"start":{"line":14,"column":33},"end":{"line":14,"column":45}},"9":{"start":{"line":16,"column":4},"end":{"line":32,"column":5}},"10":{"start":{"line":16,"column":17},"end":{"line":16,"column":18}},"11":{"start":{"line":17,"column":6},"end":{"line":31,"column":7}},"12":{"start":{"line":19,"column":8},"end":{"line":19,"column":46}},"13":{"start":{"line":22,"column":8},"end":{"line":30,"column":9}},"14":{"start":{"line":22,"column":21},"end":{"line":22,"column":22}},"15":{"start":{"line":24,"column":10},"end":{"line":29,"column":11}},"16":{"start":{"line":26,"column":12},"end":{"line":26,"column":46}},"17":{"start":{"line":28,"column":12},"end":{"line":28,"column":77}},"18":{"start":{"line":34,"column":4},"end":{"line":34,"column":37}},"19":{"start":{"line":35,"column":4},"end":{"line":35,"column":48}},"20":{"start":{"line":36,"column":4},"end":{"line":36,"column":34}},"21":{"start":{"line":40,"column":4},"end":{"line":42,"column":5}},"22":{"start":{"line":41,"column":6},"end":{"line":41,"column":75}},"23":{"start":{"line":43,"column":18},"end":{"line":43,"column":63}},"24":{"start":{"line":43,"column":54},"end":{"line":43,"column":59}},"25":{"start":{"line":44,"column":4},"end":{"line":44,"column":17}},"26":{"start":{"line":48,"column":0},"end":{"line":48,"column":42}}},"fnMap":{"0":{"name":"(anonymous_0)","decl":{"start":{"line":2,"column":2},"end":{"line":2,"column":3}},"loc":{"start":{"line":2,"column":27},"end":{"line":9,"column":3}},"line":2},"1":{"name":"(anonymous_1)","decl":{"start":{"line":11,"column":2},"end":{"line":11,"column":3}},"loc":{"start":{"line":11,"column":9},"end":{"line":37,"column":3}},"line":11},"2":{"name":"(anonymous_2)","decl":{"start":{"line":39,"column":2},"end":{"line":39,"column":3}},"loc":{"start":{"line":39,"column":10},"end":{"line":45,"column":3}},"line":39},"3":{"name":"(anonymous_3)","decl":{"start":{"line":43,"column":44},"end":{"line":43,"column":45}},"loc":{"start":{"line":43,"column":54},"end":{"line":43,"column":59}},"line":43}},"branchMap":{"0":{"loc":{"start":{"line":17,"column":6},"end":{"line":31,"column":7}},"type":"if","locations":[{"start":{"line":17,"column":6},"end":{"line":31,"column":7}},{"start":{"line":20,"column":13},"end":{"line":31,"column":7}}],"line":17},"1":{"loc":{"start":{"line":24,"column":10},"end":{"line":29,"column":11}},"type":"if","locations":[{"start":{"line":24,"column":10},"end":{"line":29,"column":11}},{"start":{"line":27,"column":17},"end":{"line":29,"column":11}}],"line":24},"2":{"loc":{"start":{"line":40,"column":4},"end":{"line":42,"column":5}},"type":"if","locations":[{"start":{"line":40,"column":4},"end":{"line":42,"column":5}},{"start":{},"end":{}}],"line":40}},"s":{"0":2,"1":2,"2":2,"3":2,"4":2,"5":2,"6":2,"7":2,"8":2,"9":2,"10":2,"11":6,"12":1,"13":5,"14":5,"15":15,"16":0,"17":15,"18":2,"19":2,"20":2,"21":0,"22":0,"23":0,"24":0,"25":0,"26":1},"f":{"0":2,"1":2,"2":0,"3":0},"b":{"0":[1,5],"1":[0,15],"2":[0,0]},"_coverageSchema":"1a1c01bbd47fc00a2c39e90264f33305004495a9","hash":"3cd099e121e22e3a761f1dcc803d1f04d0b970c9"}
}
