{"/Users/harryfox/Projects/js/conway/board.js": {"path":"/Users/harryfox/Projects/js/conway/board.js","statementMap":{"0":{"start":{"line":3,"column":16},"end":{"line":3,"column":38}},"1":{"start":{"line":4,"column":4},"end":{"line":6,"column":5}},"2":{"start":{"line":4,"column":17},"end":{"line":4,"column":18}},"3":{"start":{"line":5,"column":6},"end":{"line":5,"column":39}},"4":{"start":{"line":7,"column":4},"end":{"line":7,"column":23}},"5":{"start":{"line":11,"column":0},"end":{"line":11,"column":23}}},"fnMap":{"0":{"name":"(anonymous_0)","decl":{"start":{"line":2,"column":2},"end":{"line":2,"column":3}},"loc":{"start":{"line":2,"column":39},"end":{"line":8,"column":3}},"line":2}},"branchMap":{},"s":{"0":1,"1":1,"2":1,"3":3,"4":1,"5":1},"f":{"0":1},"b":{},"_coverageSchema":"1a1c01bbd47fc00a2c39e90264f33305004495a9","hash":"031055e2e0012a9b84633304ec1e130185a0e120"}
,"/Users/harryfox/Projects/js/conway/neighbourhoodConstructor.js": {"path":"/Users/harryfox/Projects/js/conway/neighbourhoodConstructor.js","statementMap":{"0":{"start":{"line":3,"column":4},"end":{"line":3,"column":23}},"1":{"start":{"line":4,"column":4},"end":{"line":4,"column":38}},"2":{"start":{"line":5,"column":4},"end":{"line":5,"column":36}},"3":{"start":{"line":6,"column":4},"end":{"line":6,"column":15}},"4":{"start":{"line":7,"column":4},"end":{"line":7,"column":15}},"5":{"start":{"line":8,"column":4},"end":{"line":8,"column":50}},"6":{"start":{"line":12,"column":12},"end":{"line":12,"column":18}},"7":{"start":{"line":13,"column":12},"end":{"line":13,"column":18}},"8":{"start":{"line":14,"column":33},"end":{"line":14,"column":45}},"9":{"start":{"line":16,"column":4},"end":{"line":32,"column":5}},"10":{"start":{"line":16,"column":17},"end":{"line":16,"column":18}},"11":{"start":{"line":17,"column":6},"end":{"line":31,"column":7}},"12":{"start":{"line":19,"column":8},"end":{"line":19,"column":46}},"13":{"start":{"line":22,"column":8},"end":{"line":30,"column":9}},"14":{"start":{"line":22,"column":21},"end":{"line":22,"column":22}},"15":{"start":{"line":24,"column":10},"end":{"line":29,"column":11}},"16":{"start":{"line":26,"column":12},"end":{"line":26,"column":46}},"17":{"start":{"line":28,"column":12},"end":{"line":28,"column":77}},"18":{"start":{"line":34,"column":4},"end":{"line":34,"column":37}},"19":{"start":{"line":35,"column":4},"end":{"line":35,"column":39}},"20":{"start":{"line":36,"column":4},"end":{"line":36,"column":34}},"21":{"start":{"line":40,"column":4},"end":{"line":42,"column":5}},"22":{"start":{"line":41,"column":6},"end":{"line":41,"column":75}},"23":{"start":{"line":44,"column":18},"end":{"line":44,"column":61}},"24":{"start":{"line":44,"column":52},"end":{"line":44,"column":57}},"25":{"start":{"line":45,"column":4},"end":{"line":45,"column":17}},"26":{"start":{"line":49,"column":0},"end":{"line":49,"column":42}}},"fnMap":{"0":{"name":"(anonymous_0)","decl":{"start":{"line":2,"column":2},"end":{"line":2,"column":3}},"loc":{"start":{"line":2,"column":27},"end":{"line":9,"column":3}},"line":2},"1":{"name":"(anonymous_1)","decl":{"start":{"line":11,"column":2},"end":{"line":11,"column":3}},"loc":{"start":{"line":11,"column":18},"end":{"line":37,"column":3}},"line":11},"2":{"name":"(anonymous_2)","decl":{"start":{"line":39,"column":2},"end":{"line":39,"column":3}},"loc":{"start":{"line":39,"column":10},"end":{"line":46,"column":3}},"line":39},"3":{"name":"(anonymous_3)","decl":{"start":{"line":44,"column":42},"end":{"line":44,"column":43}},"loc":{"start":{"line":44,"column":52},"end":{"line":44,"column":57}},"line":44}},"branchMap":{"0":{"loc":{"start":{"line":17,"column":6},"end":{"line":31,"column":7}},"type":"if","locations":[{"start":{"line":17,"column":6},"end":{"line":31,"column":7}},{"start":{"line":20,"column":13},"end":{"line":31,"column":7}}],"line":17},"1":{"loc":{"start":{"line":24,"column":10},"end":{"line":29,"column":11}},"type":"if","locations":[{"start":{"line":24,"column":10},"end":{"line":29,"column":11}},{"start":{"line":27,"column":17},"end":{"line":29,"column":11}}],"line":24},"2":{"loc":{"start":{"line":40,"column":4},"end":{"line":42,"column":5}},"type":"if","locations":[{"start":{"line":40,"column":4},"end":{"line":42,"column":5}},{"start":{},"end":{}}],"line":40}},"s":{"0":5,"1":5,"2":5,"3":5,"4":5,"5":5,"6":4,"7":4,"8":4,"9":4,"10":4,"11":12,"12":2,"13":10,"14":10,"15":30,"16":10,"17":20,"18":4,"19":4,"20":4,"21":3,"22":1,"23":2,"24":18,"25":2,"26":1},"f":{"0":5,"1":4,"2":3,"3":18},"b":{"0":[2,10],"1":[10,20],"2":[1,2]},"_coverageSchema":"1a1c01bbd47fc00a2c39e90264f33305004495a9","hash":"73cdf614eaa9135e61fcecefb3ac620d7fbacebe"}
}
