TN:
SF:board.js
FN:2,(anonymous_0)
FNF:1
FNH:1
FNDA:1,(anonymous_0)
DA:3,1
DA:4,1
DA:5,3
DA:7,1
DA:11,1
LF:5
LH:5
BRF:0
BRH:0
end_of_record
TN:
SF:neighbourhoodConstructor.js
FN:2,(anonymous_0)
FN:11,(anonymous_1)
FN:39,(anonymous_2)
FN:44,(anonymous_3)
FNF:4
FNH:4
FNDA:5,(anonymous_0)
FNDA:4,(anonymous_1)
FNDA:3,(anonymous_2)
FNDA:18,(anonymous_3)
DA:3,5
DA:4,5
DA:5,5
DA:6,5
DA:7,5
DA:8,5
DA:12,4
DA:13,4
DA:14,4
DA:16,4
DA:17,12
DA:19,2
DA:22,10
DA:24,30
DA:26,10
DA:28,20
DA:34,4
DA:35,4
DA:36,4
DA:40,3
DA:41,1
DA:44,18
DA:45,2
DA:49,1
LF:24
LH:24
BRDA:17,0,0,2
BRDA:17,0,1,10
BRDA:24,1,0,10
BRDA:24,1,1,20
BRDA:40,2,0,1
BRDA:40,2,1,2
BRF:6
BRH:6
end_of_record
