TN:
SF:neighbourhoodConstructor.js
FN:2,(anonymous_0)
FN:11,(anonymous_1)
FN:39,(anonymous_2)
FN:43,(anonymous_3)
FNF:4
FNH:2
FNDA:2,(anonymous_0)
FNDA:2,(anonymous_1)
FNDA:0,(anonymous_2)
FNDA:0,(anonymous_3)
DA:3,2
DA:4,2
DA:5,2
DA:6,2
DA:7,2
DA:8,2
DA:12,2
DA:13,2
DA:14,2
DA:16,2
DA:17,6
DA:19,1
DA:22,5
DA:24,15
DA:26,0
DA:28,15
DA:34,2
DA:35,2
DA:36,2
DA:40,0
DA:41,0
DA:43,0
DA:44,0
DA:48,1
LF:24
LH:19
BRDA:17,0,0,1
BRDA:17,0,1,5
BRDA:24,1,0,0
BRDA:24,1,1,15
BRDA:40,2,0,0
BRDA:40,2,1,0
BRF:6
BRH:3
end_of_record
